2020-05-08 16:12:33.515[main]DEBUG com.ze.zhou.dao.OperatorDao.selectOperatorByNumber - ==>  Preparing: SELECT operator_id, operator_name, operator_img, operator_account_number, operator_password, operator_enable_status, create_time, last_edit_time FROM tb_operator WHERE operator_enable_status=1, and operator_account_number=?, 
2020-05-08 16:12:33.570[main]DEBUG com.ze.zhou.dao.OperatorDao.selectOperatorByNumber - ==> Parameters: 110(String)
2020-05-08 16:13:05.668[main]DEBUG com.ze.zhou.dao.OperatorDao.selectOperatorByNumber - ==>  Preparing: SELECT operator_id, operator_name, operator_img, operator_account_number, operator_password, operator_enable_status, create_time, last_edit_time FROM tb_operator WHERE operator_enable_status=1, and operator_account_number=? 
2020-05-08 16:13:05.732[main]DEBUG com.ze.zhou.dao.OperatorDao.selectOperatorByNumber - ==> Parameters: 110(String)
2020-05-08 16:16:38.056[main]DEBUG com.ze.zhou.dao.OperatorDao.selectOperatorByNumber - ==>  Preparing: SELECT operator_id, operator_name, operator_img, operator_account_number, operator_password, operator_enable_status, create_time, last_edit_time FROM tb_operator WHERE operator_enable_status=1, and operator_account_number='%110%' 
2020-05-08 16:16:38.106[main]DEBUG com.ze.zhou.dao.OperatorDao.selectOperatorByNumber - ==> Parameters: 
2020-05-08 16:17:16.529[main]DEBUG com.ze.zhou.dao.OperatorDao.selectOperatorByNumber - ==>  Preparing: SELECT operator_id, operator_name, operator_img, operator_account_number, operator_password, operator_enable_status, create_time, last_edit_time FROM tb_operator WHERE operator_enable_status=1, and operator_account_number='?' 
2020-05-08 16:17:51.770[main]DEBUG com.ze.zhou.dao.OperatorDao.selectOperatorByNumber - ==>  Preparing: SELECT operator_id, operator_name, operator_img, operator_account_number, operator_password, operator_enable_status, create_time, last_edit_time FROM tb_operator WHERE operator_enable_status=1, and operator_account_number LIKE '110' 
2020-05-08 16:17:51.811[main]DEBUG com.ze.zhou.dao.OperatorDao.selectOperatorByNumber - ==> Parameters: 
2020-05-08 16:18:31.654[main]DEBUG com.ze.zhou.dao.OperatorDao.selectOperatorByNumber - ==>  Preparing: SELECT operator_id, operator_name, operator_img, operator_account_number, operator_password, operator_enable_status, create_time, last_edit_time FROM tb_operator WHERE operator_enable_status=1, and operator_account_number LIKE '%110%' 
2020-05-08 16:18:31.730[main]DEBUG com.ze.zhou.dao.OperatorDao.selectOperatorByNumber - ==> Parameters: 
2020-05-08 16:20:46.395[main]DEBUG com.ze.zhou.dao.OperatorDao.selectOperatorByNumber - ==>  Preparing: SELECT operator_id, operator_name, operator_img, operator_account_number, operator_password, operator_enable_status, create_time, last_edit_time FROM tb_operator WHERE operator_enable_status=1, and operator_account_number=? 
2020-05-08 16:20:46.463[main]DEBUG com.ze.zhou.dao.OperatorDao.selectOperatorByNumber - ==> Parameters: 110(String)
2020-05-08 16:22:31.877[main]DEBUG com.ze.zhou.dao.OperatorDao.selectOperatorByNumber - ==>  Preparing: SELECT operator_id, operator_name, operator_img, operator_account_number, operator_password, operator_enable_status, create_time, last_edit_time FROM tb_operator WHERE operator_enable_status=1, and operator_account_number=? 
2020-05-08 16:22:31.921[main]DEBUG com.ze.zhou.dao.OperatorDao.selectOperatorByNumber - ==> Parameters: 110(String)
2020-05-08 16:23:10.780[main]DEBUG com.ze.zhou.dao.OperatorDao.selectOperatorByNumber - ==>  Preparing: SELECT operator_id, operator_name, operator_img, operator_account_number, operator_password, operator_enable_status, create_time, last_edit_time FROM tb_operator WHERE operator_enable_status=1 and operator_account_number=? 
2020-05-08 16:23:10.845[main]DEBUG com.ze.zhou.dao.OperatorDao.selectOperatorByNumber - ==> Parameters: 110(String)
2020-05-08 16:23:10.872[main]DEBUG com.ze.zhou.dao.OperatorDao.selectOperatorByNumber - <==      Total: 2
2020-05-08 16:25:02.364[main]DEBUG com.ze.zhou.dao.OperatorDao.selectOperatorByNumber - ==>  Preparing: SELECT operator_id, operator_name, operator_img, operator_account_number, operator_password, operator_enable_status, create_time, last_edit_time FROM tb_operator WHERE operator_enable_status=1 and operator_account_number=? 
2020-05-08 16:25:02.442[main]DEBUG com.ze.zhou.dao.OperatorDao.selectOperatorByNumber - ==> Parameters: 110(String)
2020-05-08 16:25:02.479[main]DEBUG com.ze.zhou.dao.OperatorDao.selectOperatorByNumber - <==      Total: 1
